332	Celina	Richards	0h0m	8h0m
452	Charles	Danson	0h0m	8h12m
45	Mohammad	Kanderi	0h0m	8h2m
346	Naomi	Carrara	0h0m	8h7m
134	Sara	Lin	0h0m	8h0m
464	Paul	Rwankole	0h13m	8h30m
116	Ann	Jackson	7h45m	16h10m
265	Ian	Booker	7h45m	16h0m
1	Mark	Smith	7h58m	12h35m
64	Angela	Folkma	8h02m	12h0m
326	Jim	Gibson	8h02m	15h45m
50	Brian	Carson	8h0m	24h16m
486	Lily	Luis	8h12m	16h4m
135	Michael	Beck	8h14m	16h3m
349	Matt	Weekes	8h15m	9h17m
348	Maria	Cortellucci	8h1m	16h51m
52	Juan	Perez	8h2m	15h59m
285	Ahmed	Ali	9h15m	17h17m
16	Arash	Fard	9h15m	17h0m
154	Ashlee	Rudeira	9h15m	17h57m
128	Percy	Astroop	9h2m	12h00
160	Yun	Li	9h34m	12h0m
62	James	Kong	9h3m	18h52m
2	Amy	Frieder	9h45m	14h10m
225	David	Zayas	9h45m	11h58m
220	Kristine	Belson	9h7m	12h12m
64	Angela	Folkma	12h45m	16h0m
225	David	Zayas	13h1m	17h51m
220	Kristine	Belson	13h27m	17h6m
160	Yun	Li	13h40m	19h45m
128	Percy	Astroop	13h5m	17h9m
1	Mark	Smith	14h38m	18h15m
349	Matt	Weekes	14h40m	22h7m
50	Brian	Carson	15h39m	18h0m
2	Amy	Frieder	16h0m	18h5m
85	Dean	Deblois	16h0m	23h59m
342	Louis	Brant	16h0m	23h59m
164	Gloria	Pianezzola	16h15m	23h59m
23	John	Campbell	16h2m	23h59m
13	Susan	Greig	16h2m	23h59m
2	Amy	Frieder	20h15m	22h55m
